<?xml version="1.0" encoding="UTF-8"?>
<testsuite name="ie.mcgov.ct417.StudentTest" tests="1" skipped="0" failures="0" errors="0" timestamp="2021-10-28T12:22:14" hostname="SHAW-SMITH" time="0.034">
  <properties/>
  <testcase name="Test Student.getUsername()" classname="ie.mcgov.ct417.StudentTest" time="0.034"/>
  <system-out><![CDATA[]]></system-out>
  <system-err><![CDATA[]]></system-err>
</testsuite>
